found /tmp/buildc02129202e2863680df179756f2d038d.tmp/Node_Lights.ino.hex
COM Port [ /dev/ttyUSB0 ] not found, exiting...
COM Port [ /dev/ttyUSB0 ] not found, exiting...
COM Port [ /dev/ttyUSB0 ] not found, exiting...
found /tmp/buildc02129202e2863680df179756f2d038d.tmp/Node_Lights.ino.hex
TO:20
Moteino: [TO:20:OK]
TARGET SET OK
File found, passing to Moteino...
FLX?

FLX?

Moteino: [FLX?OK]
HANDSHAKE OK!
TX > FLX:0:100000000C9466010C94A21F0C94C91F0C948E01D1
Moteino: FLX:0:OK
TX > FLX:1:100010000C948E010C948E010C948E010C948E0124
Moteino: FLX:1:OK
TX > FLX:2:100020000C948E010C948E010C948E010C948E0114
Moteino: FLX:2:OK
TX > FLX:3:100030000C948E010C948E010C948E010C948E0104
Moteino: FLX:3:OK
TX > FLX:4:100040000C94F01F0C948E010C9401230C94332318
Moteino: FLX:4:OK
TX > FLX:5:100050000C948E010C948E010C948E010C948E01E4
Moteino: FLX:5:OK
TX > FLX:6:100060000C948E010C948E01416E696D6174696F00
Moteino: FLX:6:OK
TX > FLX:7:100070006E2E20667073207265706F727465643DB9
Moteino: FLX:7:OK
TX > FLX:8:1000800000416E696D6174696F6E2E2065787465CC
Moteino: FLX:8:OK
TX > FLX:9:100090006E743D2000416E696D6174696F6E2E2033
Moteino: FLX:9:OK
TX > FLX:10:1000A000706F736974696F6E3D2000416E696D6198
Moteino: FLX:10:OK
TX > FLX:11:1000B00074696F6E2E204D6173746572206272696F
Moteino: FLX:11:OK
TX > FLX:12:1000C0006768746E6573733D2000416E696D61747D
Moteino: FLX:12:OK
TX > FLX:13:1000D000696F6E2E205374617274757020636F6D3A
Moteino: FLX:13:OK
TX > FLX:14:1000E000706C6574652E0053746174652E202069F0
Moteino: FLX:14:OK
TX > FLX:15:1000F0006E506C616E652D3E69646C652E005374A4
Moteino: FLX:15:OK
TX > FLX:16:100100006174652E202069646C652D3E696E506CAB
Moteino: FLX:16:OK
TX > FLX:17:10011000616E652E004E6574776F726B2E20507283
Moteino: FLX:17:OK
TX > FLX:18:100120006F6772616D6D6572207472616666696376
Moteino: FLX:18:OK
TX > FLX:19:100130002E004E6574776F726B2E20526570726F51
Moteino: FLX:19:OK
TX > FLX:20:100140006772616D6D696E67206D65737361676558
Moteino: FLX:20:OK
TX > FLX:21:100150003F004E6574776F726B2E207374617274FA
Moteino: FLX:21:OK
TX > FLX:22:10016000757020636F6D706C657465207769746855
Moteino: FLX:22:OK
TX > FLX:23:10017000206D794E6F646549443D00206D79496E6C
Moteino: FLX:23:OK
TX > FLX:24:100180006465783D00456E74657220746865206E04
Moteino: FLX:24:OK
TX > FLX:25:100190006F6465206E756D62657220666F72207483
Moteino: FLX:25:OK
TX > FLX:26:1001A000686973206E6F64653A004E6574776F728C
Moteino: FLX:26:OK
TX > FLX:27:1001B0006B2E204552524F52206E6F206E6F646539
Moteino: FLX:27:OK
TX > FLX:28:1001C000494420666F756E6420696E204545505223
Moteino: FLX:28:OK
TX > FLX:29:1001D0004F4D21004E6574776F726B2E2020777221
Moteino: FLX:29:OK
TX > FLX:30:1001E0006974696E67206E6F6465494420746F207E
Moteino: FLX:30:OK
TX > FLX:31:1001F000454550524F4D3D004E6574776F726B2EE2
Moteino: FLX:31:OK
TX > FLX:32:100200002072656164206E6F646549442066726F78
Moteino: FLX:32:OK
TX > FLX:33:100210006D20454550524F4D3D004E6574776F72CD
Moteino: FLX:33:OK
TX > FLX:34:100220006B2E20737461727475702E004C6F636155
Moteino: FLX:34:OK
TX > FLX:35:1002300074696F6E2E207374617274757020636FB1
Moteino: FLX:35:OK
TX > FLX:36:100240006D706C6574652E000964323D000964317F
Moteino: FLX:36:OK
TX > FLX:37:100250003D000964303D004C6F636174696F6E2E20
Moteino: FLX:37:OK
TX > FLX:38:1002600020737461727475702E0000000008000223
Moteino: FLX:38:OK
TX > FLX:39:10027000010000030407000000000000000001026C
Moteino: FLX:39:OK
TX > FLX:40:100280000408102040800102040810200102040824
Moteino: FLX:40:OK
TX > FLX:41:100290001020040404040404040402020202020202
Moteino: FLX:41:OK
TX > FLX:42:1002A00003030303030300000000230026002900CA
Moteino: FLX:42:OK
TX > FLX:43:1002B00000000000250028002B00000000002400A2
Moteino: FLX:43:OK
TX > FLX:44:1002C00027002A00EC0C0319C41B632311241FBE52
Moteino: FLX:44:OK
TX > FLX:45:1002D000CFEFD8E0DEBFCDBF13E0A0E0B1E0EEE5A8
Moteino: FLX:45:OK
TX > FLX:46:1002E000F3E502C005900D92A435B107D9F726E0D9
Moteino: FLX:46:OK
TX > FLX:47:1002F000A4E5B3E001C01D92A936B207E1F712E010
Moteino: FLX:47:OK
TX > FLX:48:10030000CCECD2E004C02297FE010E94BD26C43C82
Moteino: FLX:48:OK
TX > FLX:49:10031000D107C9F70E940C260C94AD290C9400005B
Moteino: FLX:49:OK
TX > FLX:50:1003200080E090E00895CF93DF9300D000D000D01C
Moteino: FLX:50:OK
TX > FLX:51:10033000CDB7DEB7AB01DC01ED91FC910190F0810E
Moteino: FLX:51:OK
TX > FLX:52:10034000E02D19821A821B821C821D821E829E0150
Moteino: FLX:52:OK
TX > FLX:53:100350002F5F3F4FBE016C5F7F4F099526960FB60A
Moteino: FLX:53:OK
TX > FLX:54:10036000F894DEBF0FBECDBFDF91CF910895CF933C
Moteino: FLX:54:OK
TX > FLX:55:10037000DF9300D000D000D0CDB7DEB7AB01DC01F9
Moteino: FLX:55:OK
TX > FLX:56:10038000ED91FC910190F081E02D19821A821B827F
Moteino: FLX:56:OK
TX > FLX:57:100390001C821D821E829E012F5F3F4FBE016C5F3B
Moteino: FLX:57:OK
TX > FLX:58:1003A0007F4F099526960FB6F894DEBF0FBECDBFDE
Moteino: FLX:58:OK
TX > FLX:59:1003B000DF91CF910895FC018DE391E091838083DB
Moteino: FLX:59:OK
TX > FLX:60:1003C000138212828FEF868387838087818782875B
Moteino: FLX:60:OK
TX > FLX:61:1003D000838781E084871686158615821482809132
Moteino: FLX:61:OK
TX > FLX:62:1003E000770590917805892B21F4F0937805E093B7
Moteino: FLX:62:OK
TX > FLX:63:1003F0007705A0917505B0917605109721F01596B7
Moteino: FLX:63:OK
TX > FLX:64:10040000FC93EE931497F0937605E09375050895A9
Moteino: FLX:64:OK
TX > FLX:65:10041000CF93C62F6093790580915E03861799F07C
Moteino: FLX:65:OK
TX > FLX:66:100420006BEA70E08CEC95E00E94E4234AE050E037
Moteino: FLX:66:OK
TX > FLX:67:100430006C2F8CEC95E00E94D4248CEC95E00E940B
Moteino: FLX:67:OK
TX > FLX:68:100440001024C0935E03CF910895CF93DF9300D023
Moteino: FLX:68:OK
TX > FLX:69:100450001F92CDB7DEB7FC016083442361F019829F
Moteino: FLX:69:OK
TX > FLX:70:100460001A821B82AE014F5F5F4F6EE670E08EE92D
Moteino: FLX:70:OK
TX > FLX:71:1004700093E00E9422190F900F900F90DF91CF917F
Moteino: FLX:71:OK
TX > FLX:72:100480000895CF93DF93EC0180918903811111C00E
Moteino: FLX:72:OK
TX > FLX:73:1004900080E793E00E94DB018BE491E0909371038D
Moteino: FLX:73:OK
TX > FLX:74:1004A000809370031092800310927F0381E0809309
Moteino: FLX:74:OK
TX > FLX:75:1004B000890320E030E04EE650E06EE973E080E72B
Moteino: FLX:75:OK
TX > FLX:76:1004C00093E00E94C818FC018FEF868380EB87833E
Moteino: FLX:76:OK
TX > FLX:77:1004D00080EF808780918103811111C08FE593E0C7
Moteino: FLX:77:OK
TX > FLX:78:1004E0000E94DB0189E591E09093600380935F03B4
Moteino: FLX:78:OK
TX > FLX:79:1004F00010926F0310926E0381E08093810320E0DD
Moteino: FLX:79:OK
TX > FLX:80:1005000030E04EE650E06EE973E08FE593E00E9444
Moteino: FLX:80:OK
TX > FLX:81:10051000C818FC018FEF868380EB878380EF80878C
Moteino: FLX:81:OK
TX > FLX:82:100520008EE00E94DE202091130130911401280FEB
Moteino: FLX:82:OK
TX > FLX:83:10053000391F30931401209313016FEFCE010E94F5
Moteino: FLX:83:OK
TX > FLX:84:10054000080287E38B8389831C821A8241E060E082
Moteino: FLX:84:OK
TX > FLX:85:10055000CE010E9425026AEC70E08CEC95E00E94CE
Moteino: FLX:85:OK
TX > FLX:86:10056000E4238CEC95E0DF91CF910C9410241F9341
Moteino: FLX:86:OK
TX > FLX:87:10057000CF93DF93EC01162F8981861791F065E9FF
Moteino: FLX:87:OK
TX > FLX:88:1005800070E08CEC95E00E94E4234AE050E0612F9B
Moteino: FLX:88:OK
TX > FLX:89:100590008CEC95E00E94D4248CEC95E00E94102411
Moteino: FLX:89:OK
TX > FLX:90:1005A0001983DF91CF911F9108951F93CF93DF930C
Moteino: FLX:90:OK
TX > FLX:91:1005B000EC01162F8A81861791F061E870E08CECCF
Moteino: FLX:91:OK
TX > FLX:92:1005C00095E00E94E4234AE050E0612F8CEC95E036
Moteino: FLX:92:OK
TX > FLX:93:1005D0000E94D4248CEC95E00E9410241A83DF91B1
Moteino: FLX:93:OK
TX > FLX:94:1005E000CF911F9108954F925F926F927F929F9249
Moteino: FLX:94:OK
TX > FLX:95:1005F000AF92BF92CF92DF92EF92FF920F931F9331
Moteino: FLX:95:OK
TX > FLX:96:10060000CF93DF93CDB7DEB72A970FB6F894DEBF4E
Moteino: FLX:96:OK
TX > FLX:97:100610000FBECDBF962E80E1888788E089878091C4
Moteino: FLX:97:OK
TX > FLX:98:10062000960381110DC00E943A2060935803709385
Moteino: FLX:98:OK
TX > FLX:99:10063000590380935A0390935B0381E08093960360
Moteino: FLX:99:OK
TX > FLX:100:100640008DEF9FEB9A8389838FEF9FE39C838B834E
Moteino: FLX:100:OK
TX > FLX:101:1006500080915703E8E0F0E0EC0FFD1FE80FF11D7B
Moteino: FLX:101:OK
TX > FLX:102:1006600040816EE670E08EE993E00E945F19809110
Moteino: FLX:102:OK
TX > FLX:103:10067000570390E0FC01EE0FFF1FEC0FFD1F0181FF
Moteino: FLX:103:OK
TX > FLX:104:100680001281409058035090590360905A03709023
Moteino: FLX:104:OK
TX > FLX:105:100690005B03E8E0F0E0EC0FFD1FE80FF91F80813D
Moteino: FLX:105:OK
TX > FLX:106:1006A0008A870E943A206B017C0120E03A85A8E10C
Moteino: FLX:106:OK
TX > FLX:107:1006B000B1E00E94A1269B01AC01C418D508E60850
Moteino: FLX:107:OK
TX > FLX:108:1006C000F708C701B6010E941C26080F191FC801B0
Moteino: FLX:108:OK
TX > FLX:1